The system is: Linux - 2.6.32-754.33.1.el6.x86_64 - x86_64
Compiling the CXX compiler identification source file "CMakeCXXCompilerId.cpp" succeeded.
Compiler: /opt/rh/devtoolset-8/root/usr/bin/c++ 
Build flags: 
Id flags:  

The output was:
0


Compilation of the CXX compiler identification source "CMakeCXXCompilerId.cpp" produced "a.out"

The CXX compiler identification is GNU, found in "/u/d/rotbauer/ece467-1003963124/build/CMakeFiles/3.18.0/CompilerIdCXX/a.out"

Detecting CXX compiler ABI info compiled with the following output:
Change Dir: /u/d/rotbauer/ece467-1003963124/build/CMakeFiles/CMakeTmp

Run Build Command(s):/opt/rh/devtoolset-8/root/usr/bin/gmake cmTC_5649d/fast && /opt/rh/devtoolset-8/root/usr/bin/gmake  -f CMakeFiles/cmTC_5649d.dir/build.make CMakeFiles/cmTC_5649d.dir/build
gmake[1]: Entering directory '/u/d/rotbauer/ece467-1003963124/build/CMakeFiles/CMakeTmp'
Building CXX object CMakeFiles/cmTC_5649d.dir/CMakeCXXCompilerABI.cpp.o
/opt/rh/devtoolset-8/root/usr/bin/c++   -v -o CMakeFiles/cmTC_5649d.dir/CMakeCXXCompilerABI.cpp.o -c /n/share/copy/ece467/share/cmake-3.18/Modules/CMakeCXXCompilerABI.cpp
Using built-in specs.
COLLECT_GCC=/opt/rh/devtoolset-8/root/usr/bin/c++
Target: x86_64-redhat-linux
Configured with: ../configure --enable-bootstrap --enable-languages=c,c++,fortran,lto --prefix=/opt/rh/devtoolset-8/root/usr --mandir=/opt/rh/devtoolset-8/root/usr/share/man --infodir=/opt/rh/devtoolset-8/root/usr/share/info --with-bugurl=http://bugzilla.redhat.com/bugzilla --enable-shared --enable-threads=posix --enable-checking=release --enable-multilib --with-system-zlib --enable-__cxa_atexit --disable-libunwind-exceptions --enable-gnu-unique-object --enable-linker-build-id --with-gcc-major-version-only --with-linker-hash-style=gnu --with-default-libstdcxx-abi=gcc4-compatible --enable-plugin --enable-initfini-array --with-isl=/builddir/build/BUILD/gcc-8.3.1-20190311/obj-x86_64-redhat-linux/isl-install --disable-libmpx --with-mpc=/builddir/build/BUILD/gcc-8.3.1-20190311/obj-x86_64-redhat-linux/mpc-install --with-tune=generic --with-arch_32=i686 --build=x86_64-redhat-linux
Thread model: posix
gcc version 8.3.1 20190311 (Red Hat 8.3.1-3) (GCC) 
COLLECT_GCC_OPTIONS='-v' '-o' 'CMakeFiles/cmTC_5649d.dir/CMakeCXXCompilerABI.cpp.o' '-c' '-shared-libgcc' '-mtune=generic' '-march=x86-64'
 /opt/rh/devtoolset-8/root/usr/libexec/gcc/x86_64-redhat-linux/8/cc1plus -quiet -v -D_GNU_SOURCE /n/share/copy/ece467/share/cmake-3.18/Modules/CMakeCXXCompilerABI.cpp -quiet -dumpbase CMakeCXXCompilerABI.cpp -mtune=generic -march=x86-64 -auxbase-strip CMakeFiles/cmTC_5649d.dir/CMakeCXXCompilerABI.cpp.o -version -o /tmp/ccHi19es.s
GNU C++14 (GCC) version 8.3.1 20190311 (Red Hat 8.3.1-3) (x86_64-redhat-linux)
	compiled by GNU C version 8.3.1 20190311 (Red Hat 8.3.1-3), GMP version 4.3.1, MPFR version 2.4.1, MPC version 0.8.1, isl version isl-0.16.1-GMP

GGC heuristics: --param ggc-min-expand=100 --param ggc-min-heapsize=131072
ignoring nonexistent directory "/opt/rh/devtoolset-8/root/usr/lib/gcc/x86_64-redhat-linux/8/include-fixed"
ignoring nonexistent directory "/opt/rh/devtoolset-8/root/usr/lib/gcc/x86_64-redhat-linux/8/../../../../x86_64-redhat-linux/include"
#include "..." search starts here:
#include <...> search starts here:
 /opt/rh/devtoolset-8/root/usr/lib/gcc/x86_64-redhat-linux/8/../../../../include/c++/8
 /opt/rh/devtoolset-8/root/usr/lib/gcc/x86_64-redhat-linux/8/../../../../include/c++/8/x86_64-redhat-linux
 /opt/rh/devtoolset-8/root/usr/lib/gcc/x86_64-redhat-linux/8/../../../../include/c++/8/backward
 /opt/rh/devtoolset-8/root/usr/lib/gcc/x86_64-redhat-linux/8/include
 /usr/local/include
 /opt/rh/devtoolset-8/root/usr/include
 /usr/include
End of search list.
GNU C++14 (GCC) version 8.3.1 20190311 (Red Hat 8.3.1-3) (x86_64-redhat-linux)
	compiled by GNU C version 8.3.1 20190311 (Red Hat 8.3.1-3), GMP version 4.3.1, MPFR version 2.4.1, MPC version 0.8.1, isl version isl-0.16.1-GMP

GGC heuristics: --param ggc-min-expand=100 --param ggc-min-heapsize=131072
Compiler executable checksum: a70c78ae908ac37d865f33511a0eaa6e
COLLECT_GCC_OPTIONS='-v' '-o' 'CMakeFiles/cmTC_5649d.dir/CMakeCXXCompilerABI.cpp.o' '-c' '-shared-libgcc' '-mtune=generic' '-march=x86-64'
 /opt/rh/devtoolset-8/root/usr/libexec/gcc/x86_64-redhat-linux/8/as -v --64 -o CMakeFiles/cmTC_5649d.dir/CMakeCXXCompilerABI.cpp.o /tmp/ccHi19es.s
GNU assembler version 2.30 (x86_64-redhat-linux) using BFD version version 2.30-55.el6.2
COMPILER_PATH=/opt/rh/devtoolset-8/root/usr/libexec/gcc/x86_64-redhat-linux/8/:/opt/rh/devtoolset-8/root/usr/libexec/gcc/x86_64-redhat-linux/8/:/opt/rh/devtoolset-8/root/usr/libexec/gcc/x86_64-redhat-linux/:/opt/rh/devtoolset-8/root/usr/lib/gcc/x86_64-redhat-linux/8/:/opt/rh/devtoolset-8/root/usr/lib/gcc/x86_64-redhat-linux/
LIBRARY_PATH=/opt/rh/devtoolset-8/root/usr/lib/gcc/x86_64-redhat-linux/8/:/opt/rh/devtoolset-8/root/usr/lib/gcc/x86_64-redhat-linux/8/../../../../lib64/:/lib/../lib64/:/usr/lib/../lib64/:/opt/rh/devtoolset-8/root/usr/lib/gcc/x86_64-redhat-linux/8/../../../:/lib/:/usr/lib/
COLLECT_GCC_OPTIONS='-v' '-o' 'CMakeFiles/cmTC_5649d.dir/CMakeCXXCompilerABI.cpp.o' '-c' '-shared-libgcc' '-mtune=generic' '-march=x86-64'
Linking CXX executable cmTC_5649d
/n/share/copy/ece467/bin/cmake -E cmake_link_script CMakeFiles/cmTC_5649d.dir/link.txt --verbose=1
/opt/rh/devtoolset-8/root/usr/bin/c++  -v CMakeFiles/cmTC_5649d.dir/CMakeCXXCompilerABI.cpp.o -o cmTC_5649d 
Using built-in specs.
COLLECT_GCC=/opt/rh/devtoolset-8/root/usr/bin/c++
COLLECT_LTO_WRAPPER=/opt/rh/devtoolset-8/root/usr/libexec/gcc/x86_64-redhat-linux/8/lto-wrapper
Target: x86_64-redhat-linux
Configured with: ../configure --enable-bootstrap --enable-languages=c,c++,fortran,lto --prefix=/opt/rh/devtoolset-8/root/usr --mandir=/opt/rh/devtoolset-8/root/usr/share/man --infodir=/opt/rh/devtoolset-8/root/usr/share/info --with-bugurl=http://bugzilla.redhat.com/bugzilla --enable-shared --enable-threads=posix --enable-checking=release --enable-multilib --with-system-zlib --enable-__cxa_atexit --disable-libunwind-exceptions --enable-gnu-unique-object --enable-linker-build-id --with-gcc-major-version-only --with-linker-hash-style=gnu --with-default-libstdcxx-abi=gcc4-compatible --enable-plugin --enable-initfini-array --with-isl=/builddir/build/BUILD/gcc-8.3.1-20190311/obj-x86_64-redhat-linux/isl-install --disable-libmpx --with-mpc=/builddir/build/BUILD/gcc-8.3.1-20190311/obj-x86_64-redhat-linux/mpc-install --with-tune=generic --with-arch_32=i686 --build=x86_64-redhat-linux
Thread model: posix
gcc version 8.3.1 20190311 (Red Hat 8.3.1-3) (GCC) 
COMPILER_PATH=/opt/rh/devtoolset-8/root/usr/libexec/gcc/x86_64-redhat-linux/8/:/opt/rh/devtoolset-8/root/usr/libexec/gcc/x86_64-redhat-linux/8/:/opt/rh/devtoolset-8/root/usr/libexec/gcc/x86_64-redhat-linux/:/opt/rh/devtoolset-8/root/usr/lib/gcc/x86_64-redhat-linux/8/:/opt/rh/devtoolset-8/root/usr/lib/gcc/x86_64-redhat-linux/
LIBRARY_PATH=/opt/rh/devtoolset-8/root/usr/lib/gcc/x86_64-redhat-linux/8/:/opt/rh/devtoolset-8/root/usr/lib/gcc/x86_64-redhat-linux/8/../../../../lib64/:/lib/../lib64/:/usr/lib/../lib64/:/opt/rh/devtoolset-8/root/usr/lib/gcc/x86_64-redhat-linux/8/../../../:/lib/:/usr/lib/
COLLECT_GCC_OPTIONS='-v' '-o' 'cmTC_5649d' '-shared-libgcc' '-mtune=generic' '-march=x86-64'
 /opt/rh/devtoolset-8/root/usr/libexec/gcc/x86_64-redhat-linux/8/collect2 -plugin /opt/rh/devtoolset-8/root/usr/libexec/gcc/x86_64-redhat-linux/8/liblto_plugin.so -plugin-opt=/opt/rh/devtoolset-8/root/usr/libexec/gcc/x86_64-redhat-linux/8/lto-wrapper -plugin-opt=-fresolution=/tmp/cc2wQdCv.res -plugin-opt=-pass-through=-lgcc_s -plugin-opt=-pass-through=-lgcc -plugin-opt=-pass-through=-lc -plugin-opt=-pass-through=-lgcc_s -plugin-opt=-pass-through=-lgcc --build-id --no-add-needed --eh-frame-hdr --hash-style=gnu -m elf_x86_64 -dynamic-linker /lib64/ld-linux-x86-64.so.2 -o cmTC_5649d /usr/lib/../lib64/crt1.o /usr/lib/../lib64/crti.o /opt/rh/devtoolset-8/root/usr/lib/gcc/x86_64-redhat-linux/8/crtbegin.o -L/opt/rh/devtoolset-8/root/usr/lib/gcc/x86_64-redhat-linux/8 -L/opt/rh/devtoolset-8/root/usr/lib/gcc/x86_64-redhat-linux/8/../../../../lib64 -L/lib/../lib64 -L/usr/lib/../lib64 -L/opt/rh/devtoolset-8/root/usr/lib/gcc/x86_64-redhat-linux/8/../../.. CMakeFiles/cmTC_5649d.dir/CMakeCXXCompilerABI.cpp.o -lstdc++ -lm -lgcc_s -lgcc -lc -lgcc_s -lgcc /opt/rh/devtoolset-8/root/usr/lib/gcc/x86_64-redhat-linux/8/crtend.o /usr/lib/../lib64/crtn.o
COLLECT_GCC_OPTIONS='-v' '-o' 'cmTC_5649d' '-shared-libgcc' '-mtune=generic' '-march=x86-64'
gmake[1]: Leaving directory '/u/d/rotbauer/ece467-1003963124/build/CMakeFiles/CMakeTmp'



Parsed CXX implicit include dir info from above output: rv=done
  found start of include info
  found start of implicit include info
    add: [/opt/rh/devtoolset-8/root/usr/lib/gcc/x86_64-redhat-linux/8/../../../../include/c++/8]
    add: [/opt/rh/devtoolset-8/root/usr/lib/gcc/x86_64-redhat-linux/8/../../../../include/c++/8/x86_64-redhat-linux]
    add: [/opt/rh/devtoolset-8/root/usr/lib/gcc/x86_64-redhat-linux/8/../../../../include/c++/8/backward]
    add: [/opt/rh/devtoolset-8/root/usr/lib/gcc/x86_64-redhat-linux/8/include]
    add: [/usr/local/include]
    add: [/opt/rh/devtoolset-8/root/usr/include]
    add: [/usr/include]
  end of search list found
  collapse include dir [/opt/rh/devtoolset-8/root/usr/lib/gcc/x86_64-redhat-linux/8/../../../../include/c++/8] ==> [/opt/rh/devtoolset-8/root/usr/include/c++/8]
  collapse include dir [/opt/rh/devtoolset-8/root/usr/lib/gcc/x86_64-redhat-linux/8/../../../../include/c++/8/x86_64-redhat-linux] ==> [/opt/rh/devtoolset-8/root/usr/include/c++/8/x86_64-redhat-linux]
  collapse include dir [/opt/rh/devtoolset-8/root/usr/lib/gcc/x86_64-redhat-linux/8/../../../../include/c++/8/backward] ==> [/opt/rh/devtoolset-8/root/usr/include/c++/8/backward]
  collapse include dir [/opt/rh/devtoolset-8/root/usr/lib/gcc/x86_64-redhat-linux/8/include] ==> [/opt/rh/devtoolset-8/root/usr/lib/gcc/x86_64-redhat-linux/8/include]
  collapse include dir [/usr/local/include] ==> [/usr/local/include]
  collapse include dir [/opt/rh/devtoolset-8/root/usr/include] ==> [/opt/rh/devtoolset-8/root/usr/include]
  collapse include dir [/usr/include] ==> [/usr/include]
  implicit include dirs: [/opt/rh/devtoolset-8/root/usr/include/c++/8;/opt/rh/devtoolset-8/root/usr/include/c++/8/x86_64-redhat-linux;/opt/rh/devtoolset-8/root/usr/include/c++/8/backward;/opt/rh/devtoolset-8/root/usr/lib/gcc/x86_64-redhat-linux/8/include;/usr/local/include;/opt/rh/devtoolset-8/root/usr/include;/usr/include]


Parsed CXX implicit link information from above output:
  link line regex: [^( *|.*[/\])(ld|CMAKE_LINK_STARTFILE-NOTFOUND|([^/\]+-)?ld|collect2)[^/\]*( |$)]
  ignore line: [Change Dir: /u/d/rotbauer/ece467-1003963124/build/CMakeFiles/CMakeTmp]
  ignore line: []
  ignore line: [Run Build Command(s):/opt/rh/devtoolset-8/root/usr/bin/gmake cmTC_5649d/fast && /opt/rh/devtoolset-8/root/usr/bin/gmake  -f CMakeFiles/cmTC_5649d.dir/build.make CMakeFiles/cmTC_5649d.dir/build]
  ignore line: [gmake[1]: Entering directory '/u/d/rotbauer/ece467-1003963124/build/CMakeFiles/CMakeTmp']
  ignore line: [Building CXX object CMakeFiles/cmTC_5649d.dir/CMakeCXXCompilerABI.cpp.o]
  ignore line: [/opt/rh/devtoolset-8/root/usr/bin/c++   -v -o CMakeFiles/cmTC_5649d.dir/CMakeCXXCompilerABI.cpp.o -c /n/share/copy/ece467/share/cmake-3.18/Modules/CMakeCXXCompilerABI.cpp]
  ignore line: [Using built-in specs.]
  ignore line: [COLLECT_GCC=/opt/rh/devtoolset-8/root/usr/bin/c++]
  ignore line: [Target: x86_64-redhat-linux]
  ignore line: [Configured with: ../configure --enable-bootstrap --enable-languages=c c++ fortran lto --prefix=/opt/rh/devtoolset-8/root/usr --mandir=/opt/rh/devtoolset-8/root/usr/share/man --infodir=/opt/rh/devtoolset-8/root/usr/share/info --with-bugurl=http://bugzilla.redhat.com/bugzilla --enable-shared --enable-threads=posix --enable-checking=release --enable-multilib --with-system-zlib --enable-__cxa_atexit --disable-libunwind-exceptions --enable-gnu-unique-object --enable-linker-build-id --with-gcc-major-version-only --with-linker-hash-style=gnu --with-default-libstdcxx-abi=gcc4-compatible --enable-plugin --enable-initfini-array --with-isl=/builddir/build/BUILD/gcc-8.3.1-20190311/obj-x86_64-redhat-linux/isl-install --disable-libmpx --with-mpc=/builddir/build/BUILD/gcc-8.3.1-20190311/obj-x86_64-redhat-linux/mpc-install --with-tune=generic --with-arch_32=i686 --build=x86_64-redhat-linux]
  ignore line: [Thread model: posix]
  ignore line: [gcc version 8.3.1 20190311 (Red Hat 8.3.1-3) (GCC) ]
  ignore line: [COLLECT_GCC_OPTIONS='-v' '-o' 'CMakeFiles/cmTC_5649d.dir/CMakeCXXCompilerABI.cpp.o' '-c' '-shared-libgcc' '-mtune=generic' '-march=x86-64']
  ignore line: [ /opt/rh/devtoolset-8/root/usr/libexec/gcc/x86_64-redhat-linux/8/cc1plus -quiet -v -D_GNU_SOURCE /n/share/copy/ece467/share/cmake-3.18/Modules/CMakeCXXCompilerABI.cpp -quiet -dumpbase CMakeCXXCompilerABI.cpp -mtune=generic -march=x86-64 -auxbase-strip CMakeFiles/cmTC_5649d.dir/CMakeCXXCompilerABI.cpp.o -version -o /tmp/ccHi19es.s]
  ignore line: [GNU C++14 (GCC) version 8.3.1 20190311 (Red Hat 8.3.1-3) (x86_64-redhat-linux)]
  ignore line: [	compiled by GNU C version 8.3.1 20190311 (Red Hat 8.3.1-3)  GMP version 4.3.1  MPFR version 2.4.1  MPC version 0.8.1  isl version isl-0.16.1-GMP]
  ignore line: []
  ignore line: [GGC heuristics: --param ggc-min-expand=100 --param ggc-min-heapsize=131072]
  ignore line: [ignoring nonexistent directory "/opt/rh/devtoolset-8/root/usr/lib/gcc/x86_64-redhat-linux/8/include-fixed"]
  ignore line: [ignoring nonexistent directory "/opt/rh/devtoolset-8/root/usr/lib/gcc/x86_64-redhat-linux/8/../../../../x86_64-redhat-linux/include"]
  ignore line: [#include "..." search starts here:]
  ignore line: [#include <...> search starts here:]
  ignore line: [ /opt/rh/devtoolset-8/root/usr/lib/gcc/x86_64-redhat-linux/8/../../../../include/c++/8]
  ignore line: [ /opt/rh/devtoolset-8/root/usr/lib/gcc/x86_64-redhat-linux/8/../../../../include/c++/8/x86_64-redhat-linux]
  ignore line: [ /opt/rh/devtoolset-8/root/usr/lib/gcc/x86_64-redhat-linux/8/../../../../include/c++/8/backward]
  ignore line: [ /opt/rh/devtoolset-8/root/usr/lib/gcc/x86_64-redhat-linux/8/include]
  ignore line: [ /usr/local/include]
  ignore line: [ /opt/rh/devtoolset-8/root/usr/include]
  ignore line: [ /usr/include]
  ignore line: [End of search list.]
  ignore line: [GNU C++14 (GCC) version 8.3.1 20190311 (Red Hat 8.3.1-3) (x86_64-redhat-linux)]
  ignore line: [	compiled by GNU C version 8.3.1 20190311 (Red Hat 8.3.1-3)  GMP version 4.3.1  MPFR version 2.4.1  MPC version 0.8.1  isl version isl-0.16.1-GMP]
  ignore line: []
  ignore line: [GGC heuristics: --param ggc-min-expand=100 --param ggc-min-heapsize=131072]
  ignore line: [Compiler executable checksum: a70c78ae908ac37d865f33511a0eaa6e]
  ignore line: [COLLECT_GCC_OPTIONS='-v' '-o' 'CMakeFiles/cmTC_5649d.dir/CMakeCXXCompilerABI.cpp.o' '-c' '-shared-libgcc' '-mtune=generic' '-march=x86-64']
  ignore line: [ /opt/rh/devtoolset-8/root/usr/libexec/gcc/x86_64-redhat-linux/8/as -v --64 -o CMakeFiles/cmTC_5649d.dir/CMakeCXXCompilerABI.cpp.o /tmp/ccHi19es.s]
  ignore line: [GNU assembler version 2.30 (x86_64-redhat-linux) using BFD version version 2.30-55.el6.2]
  ignore line: [COMPILER_PATH=/opt/rh/devtoolset-8/root/usr/libexec/gcc/x86_64-redhat-linux/8/:/opt/rh/devtoolset-8/root/usr/libexec/gcc/x86_64-redhat-linux/8/:/opt/rh/devtoolset-8/root/usr/libexec/gcc/x86_64-redhat-linux/:/opt/rh/devtoolset-8/root/usr/lib/gcc/x86_64-redhat-linux/8/:/opt/rh/devtoolset-8/root/usr/lib/gcc/x86_64-redhat-linux/]
  ignore line: [LIBRARY_PATH=/opt/rh/devtoolset-8/root/usr/lib/gcc/x86_64-redhat-linux/8/:/opt/rh/devtoolset-8/root/usr/lib/gcc/x86_64-redhat-linux/8/../../../../lib64/:/lib/../lib64/:/usr/lib/../lib64/:/opt/rh/devtoolset-8/root/usr/lib/gcc/x86_64-redhat-linux/8/../../../:/lib/:/usr/lib/]
  ignore line: [COLLECT_GCC_OPTIONS='-v' '-o' 'CMakeFiles/cmTC_5649d.dir/CMakeCXXCompilerABI.cpp.o' '-c' '-shared-libgcc' '-mtune=generic' '-march=x86-64']
  ignore line: [Linking CXX executable cmTC_5649d]
  ignore line: [/n/share/copy/ece467/bin/cmake -E cmake_link_script CMakeFiles/cmTC_5649d.dir/link.txt --verbose=1]
  ignore line: [/opt/rh/devtoolset-8/root/usr/bin/c++  -v CMakeFiles/cmTC_5649d.dir/CMakeCXXCompilerABI.cpp.o -o cmTC_5649d ]
  ignore line: [Using built-in specs.]
  ignore line: [COLLECT_GCC=/opt/rh/devtoolset-8/root/usr/bin/c++]
  ignore line: [COLLECT_LTO_WRAPPER=/opt/rh/devtoolset-8/root/usr/libexec/gcc/x86_64-redhat-linux/8/lto-wrapper]
  ignore line: [Target: x86_64-redhat-linux]
  ignore line: [Configured with: ../configure --enable-bootstrap --enable-languages=c c++ fortran lto --prefix=/opt/rh/devtoolset-8/root/usr --mandir=/opt/rh/devtoolset-8/root/usr/share/man --infodir=/opt/rh/devtoolset-8/root/usr/share/info --with-bugurl=http://bugzilla.redhat.com/bugzilla --enable-shared --enable-threads=posix --enable-checking=release --enable-multilib --with-system-zlib --enable-__cxa_atexit --disable-libunwind-exceptions --enable-gnu-unique-object --enable-linker-build-id --with-gcc-major-version-only --with-linker-hash-style=gnu --with-default-libstdcxx-abi=gcc4-compatible --enable-plugin --enable-initfini-array --with-isl=/builddir/build/BUILD/gcc-8.3.1-20190311/obj-x86_64-redhat-linux/isl-install --disable-libmpx --with-mpc=/builddir/build/BUILD/gcc-8.3.1-20190311/obj-x86_64-redhat-linux/mpc-install --with-tune=generic --with-arch_32=i686 --build=x86_64-redhat-linux]
  ignore line: [Thread model: posix]
  ignore line: [gcc version 8.3.1 20190311 (Red Hat 8.3.1-3) (GCC) ]
  ignore line: [COMPILER_PATH=/opt/rh/devtoolset-8/root/usr/libexec/gcc/x86_64-redhat-linux/8/:/opt/rh/devtoolset-8/root/usr/libexec/gcc/x86_64-redhat-linux/8/:/opt/rh/devtoolset-8/root/usr/libexec/gcc/x86_64-redhat-linux/:/opt/rh/devtoolset-8/root/usr/lib/gcc/x86_64-redhat-linux/8/:/opt/rh/devtoolset-8/root/usr/lib/gcc/x86_64-redhat-linux/]
  ignore line: [LIBRARY_PATH=/opt/rh/devtoolset-8/root/usr/lib/gcc/x86_64-redhat-linux/8/:/opt/rh/devtoolset-8/root/usr/lib/gcc/x86_64-redhat-linux/8/../../../../lib64/:/lib/../lib64/:/usr/lib/../lib64/:/opt/rh/devtoolset-8/root/usr/lib/gcc/x86_64-redhat-linux/8/../../../:/lib/:/usr/lib/]
  ignore line: [COLLECT_GCC_OPTIONS='-v' '-o' 'cmTC_5649d' '-shared-libgcc' '-mtune=generic' '-march=x86-64']
  link line: [ /opt/rh/devtoolset-8/root/usr/libexec/gcc/x86_64-redhat-linux/8/collect2 -plugin /opt/rh/devtoolset-8/root/usr/libexec/gcc/x86_64-redhat-linux/8/liblto_plugin.so -plugin-opt=/opt/rh/devtoolset-8/root/usr/libexec/gcc/x86_64-redhat-linux/8/lto-wrapper -plugin-opt=-fresolution=/tmp/cc2wQdCv.res -plugin-opt=-pass-through=-lgcc_s -plugin-opt=-pass-through=-lgcc -plugin-opt=-pass-through=-lc -plugin-opt=-pass-through=-lgcc_s -plugin-opt=-pass-through=-lgcc --build-id --no-add-needed --eh-frame-hdr --hash-style=gnu -m elf_x86_64 -dynamic-linker /lib64/ld-linux-x86-64.so.2 -o cmTC_5649d /usr/lib/../lib64/crt1.o /usr/lib/../lib64/crti.o /opt/rh/devtoolset-8/root/usr/lib/gcc/x86_64-redhat-linux/8/crtbegin.o -L/opt/rh/devtoolset-8/root/usr/lib/gcc/x86_64-redhat-linux/8 -L/opt/rh/devtoolset-8/root/usr/lib/gcc/x86_64-redhat-linux/8/../../../../lib64 -L/lib/../lib64 -L/usr/lib/../lib64 -L/opt/rh/devtoolset-8/root/usr/lib/gcc/x86_64-redhat-linux/8/../../.. CMakeFiles/cmTC_5649d.dir/CMakeCXXCompilerABI.cpp.o -lstdc++ -lm -lgcc_s -lgcc -lc -lgcc_s -lgcc /opt/rh/devtoolset-8/root/usr/lib/gcc/x86_64-redhat-linux/8/crtend.o /usr/lib/../lib64/crtn.o]
    arg [/opt/rh/devtoolset-8/root/usr/libexec/gcc/x86_64-redhat-linux/8/collect2] ==> ignore
    arg [-plugin] ==> ignore
    arg [/opt/rh/devtoolset-8/root/usr/libexec/gcc/x86_64-redhat-linux/8/liblto_plugin.so] ==> ignore
    arg [-plugin-opt=/opt/rh/devtoolset-8/root/usr/libexec/gcc/x86_64-redhat-linux/8/lto-wrapper] ==> ignore
    arg [-plugin-opt=-fresolution=/tmp/cc2wQdCv.res] ==> ignore
    arg [-plugin-opt=-pass-through=-lgcc_s] ==> ignore
    arg [-plugin-opt=-pass-through=-lgcc] ==> ignore
    arg [-plugin-opt=-pass-through=-lc] ==> ignore
    arg [-plugin-opt=-pass-through=-lgcc_s] ==> ignore
    arg [-plugin-opt=-pass-through=-lgcc] ==> ignore
    arg [--build-id] ==> ignore
    arg [--no-add-needed] ==> ignore
    arg [--eh-frame-hdr] ==> ignore
    arg [--hash-style=gnu] ==> ignore
    arg [-m] ==> ignore
    arg [elf_x86_64] ==> ignore
    arg [-dynamic-linker] ==> ignore
    arg [/lib64/ld-linux-x86-64.so.2] ==> ignore
    arg [-o] ==> ignore
    arg [cmTC_5649d] ==> ignore
    arg [/usr/lib/../lib64/crt1.o] ==> ignore
    arg [/usr/lib/../lib64/crti.o] ==> ignore
    arg [/opt/rh/devtoolset-8/root/usr/lib/gcc/x86_64-redhat-linux/8/crtbegin.o] ==> ignore
    arg [-L/opt/rh/devtoolset-8/root/usr/lib/gcc/x86_64-redhat-linux/8] ==> dir [/opt/rh/devtoolset-8/root/usr/lib/gcc/x86_64-redhat-linux/8]
    arg [-L/opt/rh/devtoolset-8/root/usr/lib/gcc/x86_64-redhat-linux/8/../../../../lib64] ==> dir [/opt/rh/devtoolset-8/root/usr/lib/gcc/x86_64-redhat-linux/8/../../../../lib64]
    arg [-L/lib/../lib64] ==> dir [/lib/../lib64]
    arg [-L/usr/lib/../lib64] ==> dir [/usr/lib/../lib64]
    arg [-L/opt/rh/devtoolset-8/root/usr/lib/gcc/x86_64-redhat-linux/8/../../..] ==> dir [/opt/rh/devtoolset-8/root/usr/lib/gcc/x86_64-redhat-linux/8/../../..]
    arg [CMakeFiles/cmTC_5649d.dir/CMakeCXXCompilerABI.cpp.o] ==> ignore
    arg [-lstdc++] ==> lib [stdc++]
    arg [-lm] ==> lib [m]
    arg [-lgcc_s] ==> lib [gcc_s]
    arg [-lgcc] ==> lib [gcc]
    arg [-lc] ==> lib [c]
    arg [-lgcc_s] ==> lib [gcc_s]
    arg [-lgcc] ==> lib [gcc]
    arg [/opt/rh/devtoolset-8/root/usr/lib/gcc/x86_64-redhat-linux/8/crtend.o] ==> ignore
    arg [/usr/lib/../lib64/crtn.o] ==> ignore
  collapse library dir [/opt/rh/devtoolset-8/root/usr/lib/gcc/x86_64-redhat-linux/8] ==> [/opt/rh/devtoolset-8/root/usr/lib/gcc/x86_64-redhat-linux/8]
  collapse library dir [/opt/rh/devtoolset-8/root/usr/lib/gcc/x86_64-redhat-linux/8/../../../../lib64] ==> [/opt/rh/devtoolset-8/root/usr/lib64]
  collapse library dir [/lib/../lib64] ==> [/lib64]
  collapse library dir [/usr/lib/../lib64] ==> [/usr/lib64]
  collapse library dir [/opt/rh/devtoolset-8/root/usr/lib/gcc/x86_64-redhat-linux/8/../../..] ==> [/opt/rh/devtoolset-8/root/usr/lib]
  implicit libs: [stdc++;m;gcc_s;gcc;c;gcc_s;gcc]
  implicit dirs: [/opt/rh/devtoolset-8/root/usr/lib/gcc/x86_64-redhat-linux/8;/opt/rh/devtoolset-8/root/usr/lib64;/lib64;/usr/lib64;/opt/rh/devtoolset-8/root/usr/lib]
  implicit fwks: []


